<?xml version="1.0" encoding="UTF-8"?>
<!-- Generated by org.testng.reporters.JUnitReportReporter -->
<testsuite hostname="Katie" name="PageObject.RunTest" tests="2" failures="0" timestamp="1 Mar 2016 00:38:58 GMT" time="31.513" errors="0">
  <testcase name="LogInUse" time="19.354" classname="PageObject.RunTest"/>
  <testcase name="SearchVali" time="12.159" classname="PageObject.RunTest"/>
</testsuite> <!-- PageObject.RunTest -->
